[     124ms] [INFO] %cDownload the React DevTools for a better development experience: https://react.dev/link/react-devtools font-weight:bold @ http://localhost:3000/_next/static/chunks/0ocn_next_dist_0qiceau._.js:2431
[     151ms] [LOG] [HMR] connected @ http://localhost:3000/_next/static/chunks/0ocn_next_dist_0qiceau._.js:2431
[ 5402761ms] [LOG] [Fast Refresh] rebuilding @ http://localhost:3000/_next/static/chunks/0ocn_next_dist_0qiceau._.js:2431
[ 5402825ms] [LOG] [Fast Refresh] done in 135ms @ http://localhost:3000/_next/static/chunks/0ocn_next_dist_0qiceau._.js:2431
[ 5411143ms] [LOG] [Fast Refresh] rebuilding @ http://localhost:3000/_next/static/chunks/0ocn_next_dist_0qiceau._.js:2431
[ 5411855ms] [LOG] [Fast Refresh] done in 663ms @ http://localhost:3000/_next/static/chunks/0ocn_next_dist_0qiceau._.js:2431
[ 5459796ms] [LOG] [Fast Refresh] rebuilding @ http://localhost:3000/_next/static/chunks/0ocn_next_dist_0qiceau._.js:2431
[ 5459836ms] [LOG] [Fast Refresh] done in 23ms @ http://localhost:3000/_next/static/chunks/0ocn_next_dist_0qiceau._.js:2431
[ 5487056ms] [LOG] [Fast Refresh] rebuilding @ http://localhost:3000/_next/static/chunks/0ocn_next_dist_0qiceau._.js:2431
[ 5487203ms] [LOG] [Fast Refresh] done in 48ms @ http://localhost:3000/_next/static/chunks/0ocn_next_dist_0qiceau._.js:2431
[ 5487362ms] [LOG] [Fast Refresh] rebuilding @ http://localhost:3000/_next/static/chunks/0ocn_next_dist_0qiceau._.js:2431
[ 5487440ms] [LOG] [Fast Refresh] done in 178ms @ http://localhost:3000/_next/static/chunks/0ocn_next_dist_0qiceau._.js:2431
[ 5487601ms] [LOG] [Fast Refresh] rebuilding @ http://localhost:3000/_next/static/chunks/0ocn_next_dist_0qiceau._.js:2431
[ 5487675ms] [LOG] [Fast Refresh] done in 174ms @ http://localhost:3000/_next/static/chunks/0ocn_next_dist_0qiceau._.js:2431
[ 5498126ms] [LOG] [Fast Refresh] rebuilding @ http://localhost:3000/_next/static/chunks/0ocn_next_dist_0qiceau._.js:2431
[ 5498154ms] [LOG] [Fast Refresh] done in 23ms @ http://localhost:3000/_next/static/chunks/0ocn_next_dist_0qiceau._.js:2431
[ 5587309ms] [LOG] [Fast Refresh] rebuilding @ http://localhost:3000/_next/static/chunks/0ocn_next_dist_0qiceau._.js:2431
[ 5587390ms] [LOG] [Fast Refresh] done in 182ms @ http://localhost:3000/_next/static/chunks/0ocn_next_dist_0qiceau._.js:2431
[ 5589182ms] [LOG] [Fast Refresh] rebuilding @ http://localhost:3000/_next/static/chunks/0ocn_next_dist_0qiceau._.js:2431
[ 5589845ms] [LOG] [Fast Refresh] done in 766ms @ http://localhost:3000/_next/static/chunks/0ocn_next_dist_0qiceau._.js:2431
[ 5888765ms] [LOG] [Fast Refresh] rebuilding @ http://localhost:3000/_next/static/chunks/0ocn_next_dist_0qiceau._.js:2431
[ 5888795ms] [LOG] [Fast Refresh] done in 97ms @ http://localhost:3000/_next/static/chunks/0ocn_next_dist_0qiceau._.js:2431
[ 5933910ms] [LOG] [Fast Refresh] rebuilding @ http://localhost:3000/_next/static/chunks/0ocn_next_dist_0qiceau._.js:2431
[ 5933948ms] [LOG] [Fast Refresh] done in 25ms @ http://localhost:3000/_next/static/chunks/0ocn_next_dist_0qiceau._.js:2431
[ 5971873ms] [LOG] [Fast Refresh] rebuilding @ http://localhost:3000/_next/static/chunks/0ocn_next_dist_0qiceau._.js:2431
[ 5972244ms] [LOG] [Fast Refresh] done in 237ms @ http://localhost:3000/_next/static/chunks/0ocn_next_dist_0qiceau._.js:2431
[ 5980448ms] [LOG] [Fast Refresh] rebuilding @ http://localhost:3000/_next/static/chunks/0ocn_next_dist_0qiceau._.js:2431
[ 5980500ms] [LOG] [Fast Refresh] done in 77ms @ http://localhost:3000/_next/static/chunks/0ocn_next_dist_0qiceau._.js:2431
[ 6060891ms] [LOG] [Fast Refresh] rebuilding @ http://localhost:3000/_next/static/chunks/0ocn_next_dist_0qiceau._.js:2431
[ 6060952ms] [LOG] [Fast Refresh] done in 161ms @ http://localhost:3000/_next/static/chunks/0ocn_next_dist_0qiceau._.js:2431
[ 6098180ms] [LOG] [Fast Refresh] rebuilding @ http://localhost:3000/_next/static/chunks/0ocn_next_dist_0qiceau._.js:2431
[ 6098208ms] [LOG] [Fast Refresh] done in 28ms @ http://localhost:3000/_next/static/chunks/0ocn_next_dist_0qiceau._.js:2431
[ 6207176ms] [LOG] [Fast Refresh] rebuilding @ http://localhost:3000/_next/static/chunks/0ocn_next_dist_0qiceau._.js:2431
[ 6207203ms] [LOG] [Fast Refresh] done in 30ms @ http://localhost:3000/_next/static/chunks/0ocn_next_dist_0qiceau._.js:2431
[ 6215104ms] [LOG] [Fast Refresh] rebuilding @ http://localhost:3000/_next/static/chunks/0ocn_next_dist_0qiceau._.js:2431
[ 6215141ms] [LOG] [Fast Refresh] done in 43ms @ http://localhost:3000/_next/static/chunks/0ocn_next_dist_0qiceau._.js:2431
[ 9398390ms] [LOG] [Fast Refresh] rebuilding @ http://localhost:3000/_next/static/chunks/0ocn_next_dist_0qiceau._.js:2431
[ 9398392ms] [LOG] [Fast Refresh] done in 104ms @ http://localhost:3000/_next/static/chunks/0ocn_next_dist_0qiceau._.js:2431
[ 9401873ms] [LOG] [Fast Refresh] rebuilding @ http://localhost:3000/_next/static/chunks/0ocn_next_dist_0qiceau._.js:2431
[ 9402280ms] [LOG] [Fast Refresh] done in 508ms @ http://localhost:3000/_next/static/chunks/0ocn_next_dist_0qiceau._.js:2431
[20916053ms] [LOG] [Fast Refresh] rebuilding @ http://localhost:3000/_next/static/chunks/0ocn_next_dist_0qiceau._.js:2431
[20916136ms] [LOG] [Fast Refresh] done in 187ms @ http://localhost:3000/_next/static/chunks/0ocn_next_dist_0qiceau._.js:2431
[20916511ms] [LOG] [Fast Refresh] rebuilding @ http://localhost:3000/_next/static/chunks/0ocn_next_dist_0qiceau._.js:2431
[20916994ms] [LOG] [Fast Refresh] done in 585ms @ http://localhost:3000/_next/static/chunks/0ocn_next_dist_0qiceau._.js:2431
[21944482ms] [LOG] [Fast Refresh] rebuilding @ http://localhost:3000/_next/static/chunks/0ocn_next_dist_0qiceau._.js:2431
[21944670ms] [LOG] [Fast Refresh] done in 289ms @ http://localhost:3000/_next/static/chunks/0ocn_next_dist_0qiceau._.js:2431
[29875518ms] [LOG] [Fast Refresh] rebuilding @ http://localhost:3000/_next/static/chunks/0ocn_next_dist_0qiceau._.js:2431
[29875519ms] [LOG] [Fast Refresh] done in 102ms @ http://localhost:3000/_next/static/chunks/0ocn_next_dist_0qiceau._.js:2431
[30262663ms] [LOG] [Fast Refresh] rebuilding @ http://localhost:3000/_next/static/chunks/0ocn_next_dist_0qiceau._.js:2431
[30262690ms] [LOG] [Fast Refresh] done in 129ms @ http://localhost:3000/_next/static/chunks/0ocn_next_dist_0qiceau._.js:2431
[30415989ms] [LOG] [Fast Refresh] rebuilding @ http://localhost:3000/_next/static/chunks/0ocn_next_dist_0qiceau._.js:2431
[30416224ms] [LOG] [Fast Refresh] done in 306ms @ http://localhost:3000/_next/static/chunks/0ocn_next_dist_0qiceau._.js:2431
[30496658ms] [LOG] [Fast Refresh] rebuilding @ http://localhost:3000/_next/static/chunks/0ocn_next_dist_0qiceau._.js:2431
[30496806ms] [LOG] [Fast Refresh] done in 49ms @ http://localhost:3000/_next/static/chunks/0ocn_next_dist_0qiceau._.js:2431
[30497110ms] [LOG] [Fast Refresh] rebuilding @ http://localhost:3000/_next/static/chunks/0ocn_next_dist_0qiceau._.js:2431
[30497251ms] [LOG] [Fast Refresh] done in 243ms @ http://localhost:3000/_next/static/chunks/0ocn_next_dist_0qiceau._.js:2431
[30506698ms] [LOG] [Fast Refresh] rebuilding @ http://localhost:3000/_next/static/chunks/0ocn_next_dist_0qiceau._.js:2431
[30506728ms] [LOG] [Fast Refresh] done in 18ms @ http://localhost:3000/_next/static/chunks/0ocn_next_dist_0qiceau._.js:2431
[30689104ms] [LOG] [Fast Refresh] rebuilding @ http://localhost:3000/_next/static/chunks/0ocn_next_dist_0qiceau._.js:2431
[30689171ms] [LOG] [Fast Refresh] done in 168ms @ http://localhost:3000/_next/static/chunks/0ocn_next_dist_0qiceau._.js:2431
[30690418ms] [LOG] [Fast Refresh] rebuilding @ http://localhost:3000/_next/static/chunks/0ocn_next_dist_0qiceau._.js:2431
[30691174ms] [LOG] [Fast Refresh] done in 858ms @ http://localhost:3000/_next/static/chunks/0ocn_next_dist_0qiceau._.js:2431
[31224174ms] [LOG] [Fast Refresh] rebuilding @ http://localhost:3000/_next/static/chunks/0ocn_next_dist_0qiceau._.js:2431
[31224202ms] [LOG] [Fast Refresh] done in 85ms @ http://localhost:3000/_next/static/chunks/0ocn_next_dist_0qiceau._.js:2431
[31967505ms] [LOG] [Fast Refresh] rebuilding @ http://localhost:3000/_next/static/chunks/0ocn_next_dist_0qiceau._.js:2431
[31967713ms] [LOG] [Fast Refresh] done in 309ms @ http://localhost:3000/_next/static/chunks/0ocn_next_dist_0qiceau._.js:2431
[32005537ms] [LOG] [Fast Refresh] rebuilding @ http://localhost:3000/_next/static/chunks/0ocn_next_dist_0qiceau._.js:2431
[32005708ms] [LOG] [Fast Refresh] done in 79ms @ http://localhost:3000/_next/static/chunks/0ocn_next_dist_0qiceau._.js:2431
[32010667ms] [LOG] [Fast Refresh] rebuilding @ http://localhost:3000/_next/static/chunks/0ocn_next_dist_0qiceau._.js:2431
[32010819ms] [LOG] [Fast Refresh] done in 165ms @ http://localhost:3000/_next/static/chunks/0ocn_next_dist_0qiceau._.js:2431
[32010974ms] [LOG] [Fast Refresh] rebuilding @ http://localhost:3000/_next/static/chunks/0ocn_next_dist_0qiceau._.js:2431
[32010975ms] [LOG] [Fast Refresh] done in 112ms @ http://localhost:3000/_next/static/chunks/0ocn_next_dist_0qiceau._.js:2431
[32015772ms] [LOG] [Fast Refresh] rebuilding @ http://localhost:3000/_next/static/chunks/0ocn_next_dist_0qiceau._.js:2431
[32015797ms] [LOG] [Fast Refresh] done in 32ms @ http://localhost:3000/_next/static/chunks/0ocn_next_dist_0qiceau._.js:2431
[32202902ms] [LOG] [Fast Refresh] rebuilding @ http://localhost:3000/_next/static/chunks/0ocn_next_dist_0qiceau._.js:2431
[32202929ms] [LOG] [Fast Refresh] done in 32ms @ http://localhost:3000/_next/static/chunks/0ocn_next_dist_0qiceau._.js:2431
[32381585ms] [LOG] [Fast Refresh] rebuilding @ http://localhost:3000/_next/static/chunks/0ocn_next_dist_0qiceau._.js:2431
[32381613ms] [LOG] [Fast Refresh] done in 26ms @ http://localhost:3000/_next/static/chunks/0ocn_next_dist_0qiceau._.js:2431
[32579040ms] [LOG] [Fast Refresh] rebuilding @ http://localhost:3000/_next/static/chunks/0ocn_next_dist_0qiceau._.js:2431
[32579096ms] [LOG] [Fast Refresh] done in 158ms @ http://localhost:3000/_next/static/chunks/0ocn_next_dist_0qiceau._.js:2431
[32687301ms] [LOG] [Fast Refresh] rebuilding @ http://localhost:3000/_next/static/chunks/0ocn_next_dist_0qiceau._.js:2431
[32687329ms] [LOG] [Fast Refresh] done in 42ms @ http://localhost:3000/_next/static/chunks/0ocn_next_dist_0qiceau._.js:2431
[32692258ms] [LOG] [Fast Refresh] rebuilding @ http://localhost:3000/_next/static/chunks/0ocn_next_dist_0qiceau._.js:2431
[32692288ms] [LOG] [Fast Refresh] done in 19ms @ http://localhost:3000/_next/static/chunks/0ocn_next_dist_0qiceau._.js:2431
[32694674ms] [LOG] [Fast Refresh] rebuilding @ http://localhost:3000/_next/static/chunks/0ocn_next_dist_0qiceau._.js:2431
[32694700ms] [LOG] [Fast Refresh] done in 25ms @ http://localhost:3000/_next/static/chunks/0ocn_next_dist_0qiceau._.js:2431
